[debug] [2022-11-19T14:50:47.856Z] ----------------------------------------------------------------------
[debug] [2022-11-19T14:50:47.862Z] Command:       C:\Program Files\nodejs\node.exe C:\Users\User\AppData\Roaming\npm\node_modules\firebase-tools\lib\bin\firebase.js init
[debug] [2022-11-19T14:50:47.864Z] CLI Version:   11.16.1
[debug] [2022-11-19T14:50:47.865Z] Platform:      win32
[debug] [2022-11-19T14:50:47.866Z] Node Version:  v18.7.0
[debug] [2022-11-19T14:50:47.870Z] Time:          Sat Nov 19 2022 17:50:47 GMT+0300 (East Africa Time)
[debug] [2022-11-19T14:50:47.871Z] ----------------------------------------------------------------------
[debug] 
[debug] [2022-11-19T14:50:48.390Z] > command requires scopes: ["email","openid","https://www.googleapis.com/auth/cloudplatformprojects.readonly","https://www.googleapis.com/auth/firebase","https://www.googleapis.com/auth/cloud-platform"]
[debug] [2022-11-19T14:50:48.394Z] > authorizing via signed-in user (godwinmuthomi12@gmail.com)
[info] 
     ######## #### ########  ######## ########     ###     ######  ########
     ##        ##  ##     ## ##       ##     ##  ##   ##  ##       ##
     ######    ##  ########  ######   ########  #########  ######  ######
     ##        ##  ##    ##  ##       ##     ## ##     ##       ## ##
     ##       #### ##     ## ######## ########  ##     ##  ######  ########

You're about to initialize a Firebase project in this directory:

  C:\Users\User\Desktop\react-portfolio-website-1

Before we get started, keep in mind:

  * You are initializing within an existing Firebase project directory

[info] 
=== Project Setup
[info] 
[info] First, let's associate this project directory with a Firebase project.
[info] You can create multiple project aliases by running firebase use --add, 
[info] but for now we'll just set up a default project.
[info] 
[debug] [2022-11-19T14:53:01.942Z] Using project from CLI flag: portfolio-6a97f
[debug] [2022-11-19T14:53:01.957Z] >>> [apiv2][query] GET https://firebase.googleapis.com/v1beta1/projects/portfolio-6a97f [none]
[debug] [2022-11-19T14:53:02.798Z] <<< [apiv2][status] GET https://firebase.googleapis.com/v1beta1/projects/portfolio-6a97f 200
[debug] [2022-11-19T14:53:02.798Z] <<< [apiv2][body] GET https://firebase.googleapis.com/v1beta1/projects/portfolio-6a97f {"projectId":"portfolio-6a97f","projectNumber":"584166109848","displayName":"Portfolio","name":"projects/portfolio-6a97f","resources":{"hostingSite":"portfolio-6a97f"},"state":"ACTIVE","etag":"1_5eebeb99-5be5-415c-8601-293fa2ab41aa"}
[info] i  Using project portfolio-6a97f (Portfolio) 
[info] 
=== Hosting Setup
[info] 
[info] Your public directory is the folder (relative to your project directory) that
[info] will contain Hosting assets to be uploaded with firebase deploy. If you
[info] have a build process for your assets, use your build's output directory.
[info] 
[debug] [2022-11-19T14:54:37.970Z] >>> [apiv2][query] GET https://www.gstatic.com/firebasejs/releases.json [none]
[debug] [2022-11-19T14:54:38.522Z] <<< [apiv2][status] GET https://www.gstatic.com/firebasejs/releases.json 200
[debug] [2022-11-19T14:54:38.522Z] <<< [apiv2][body] GET https://www.gstatic.com/firebasejs/releases.json {"current":{"version":"9.14.0","browserURL":"https://www.gstatic.com/firebasejs/9.14.0/firebase.js","packageURL":"https://www.gstatic.com/firebasejs/9.14.0/firebase.tgz"},"live":{"version":"9.14","browserURL":"https://www.gstatic.com/firebasejs/live/9.14/firebase.js","packageURL":"https://www.gstatic.com/firebasejs/live/9.14/firebase.tgz"},"components":{"analytics":"https://www.gstatic.com/firebasejs/9.14.0/firebase-analytics.js","app":"https://www.gstatic.com/firebasejs/9.14.0/firebase-app.js","app-check":"https://www.gstatic.com/firebasejs/9.14.0/firebase-app-check.js","auth":"https://www.gstatic.com/firebasejs/9.14.0/firebase-auth.js","auth/cordova":"https://www.gstatic.com/firebasejs/9.14.0/firebase-auth/cordova.js","auth/react-native":"https://www.gstatic.com/firebasejs/9.14.0/firebase-auth/react-native.js","functions":"https://www.gstatic.com/firebasejs/9.14.0/firebase-functions.js","firestore":"https://www.gstatic.com/firebasejs/9.14.0/firebase-firestore.js","firestore/lite":"https://www.gstatic.com/firebasejs/9.14.0/firebase-firestore/lite.js","installations":"https://www.gstatic.com/firebasejs/9.14.0/firebase-installations.js","storage":"https://www.gstatic.com/firebasejs/9.14.0/firebase-storage.js","performance":"https://www.gstatic.com/firebasejs/9.14.0/firebase-performance.js","remote-config":"https://www.gstatic.com/firebasejs/9.14.0/firebase-remote-config.js","messaging":"https://www.gstatic.com/firebasejs/9.14.0/firebase-messaging.js","messaging/sw":"https://www.gstatic.com/firebasejs/9.14.0/firebase-messaging/sw.js","database":"https://www.gstatic.com/firebasejs/9.14.0/firebase-database.js","firestore.memory":"https://www.gstatic.com/firebasejs/9.14.0/firebase-firestore.memory.js"}}
[info] +  Wrote public/index.html 
[info] 
[info] i  Detected a .git folder at C:\Users\User\Desktop\react-portfolio-website-1 
[info] i  Authorizing with GitHub to upload your service account to a GitHub repository's secrets store. 
[info] 
[info] Visit this URL on this device to log in:
[info] https://github.com/login/oauth/authorize?client_id=89cf50f02ac6aaed3484&state=961965857&redirect_uri=http%3A%2F%2Flocalhost%3A9005&scope=read%3Auser%20repo%20public_repo
[info] 
[info] Waiting for authentication...
[debug] [2022-11-19T14:55:28.234Z] >>> [apiv2][query] POST https://github.com/login/oauth/access_token [none]
[debug] [2022-11-19T14:55:28.235Z] >>> [apiv2][body] POST https://github.com/login/oauth/access_token [stream]
[debug] [2022-11-19T14:55:29.008Z] <<< [apiv2][status] POST https://github.com/login/oauth/access_token 200
[debug] [2022-11-19T14:55:29.009Z] <<< [apiv2][body] POST https://github.com/login/oauth/access_token {"access_token":"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","token_type":"bearer","scope":"read:user,repo"}
[debug] [2022-11-19T14:55:29.034Z] >>> [apiv2][query] GET https://api.github.com/user [none]
[debug] [2022-11-19T14:55:30.642Z] <<< [apiv2][status] GET https://api.github.com/user 200
[debug] [2022-11-19T14:55:30.643Z] <<< [apiv2][body] GET https://api.github.com/user {"login":"Godwin45","id":71969710,"node_id":"MDQ6VXNlcjcxOTY5NzEw","avatar_url":"https://avatars.githubusercontent.com/u/71969710?v=4","gravatar_id":"","url":"https://api.github.com/users/Godwin45","html_url":"https://github.com/Godwin45","followers_url":"https://api.github.com/users/Godwin45/followers","following_url":"https://api.github.com/users/Godwin45/following{/other_user}","gists_url":"https://api.github.com/users/Godwin45/gists{/gist_id}","starred_url":"https://api.github.com/users/Godwin45/starred{/owner}{/repo}","subscriptions_url":"https://api.github.com/users/Godwin45/subscriptions","organizations_url":"https://api.github.com/users/Godwin45/orgs","repos_url":"https://api.github.com/users/Godwin45/repos","events_url":"https://api.github.com/users/Godwin45/events{/privacy}","received_events_url":"https://api.github.com/users/Godwin45/received_events","type":"User","site_admin":false,"name":null,"company":null,"blog":"","location":null,"email":null,"hireable":null,"bio":null,"twitter_username":null,"public_repos":16,"public_gists":0,"followers":0,"following":0,"created_at":"2020-09-27T11:27:55Z","updated_at":"2022-09-11T11:00:08Z","private_gists":0,"total_private_repos":4,"owned_private_repos":4,"disk_usage":653105,"collaborators":0,"two_factor_authentication":false,"plan":{"name":"free","space":976562499,"collaborators":0,"private_repos":10000}}
[info] 
[info] +  Success! Logged into GitHub as Godwin45 
[info] 
[debug] [2022-11-19T15:17:05.585Z] >>> [apiv2][query] GET https://api.github.com/repos/logout/actions/secrets/public-key type=owner
[debug] [2022-11-19T15:17:08.352Z] <<< [apiv2][status] GET https://api.github.com/repos/logout/actions/secrets/public-key 404
[debug] [2022-11-19T15:17:08.353Z] <<< [apiv2][body] GET https://api.github.com/repos/logout/actions/secrets/public-key {"message":"Not Found","documentation_url":"https://docs.github.com/rest"}
